0 info it worked if it ends with ok
1 verbose cli [ '/usr/local/bin/node',
1 verbose cli   '/usr/local/bin/npm',
1 verbose cli   'run',
1 verbose cli   'ionic:build',
1 verbose cli   '--' ]
2 info using npm@3.10.8
3 info using node@v6.9.1
4 verbose run-script [ 'preionic:build', 'ionic:build', 'postionic:build' ]
5 info lifecycle ionic-hello-world@~preionic:build: ionic-hello-world@
6 silly lifecycle ionic-hello-world@~preionic:build: no script for preionic:build, continuing
7 info lifecycle ionic-hello-world@~ionic:build: ionic-hello-world@
8 verbose lifecycle ionic-hello-world@~ionic:build: unsafe-perm in lifecycle true
9 verbose lifecycle ionic-hello-world@~ionic:build: PATH: /usr/local/lib/node_modules/npm/bin/node-gyp-bin:/Users/panxin/Desktop/ZuTAngular/node_modules/.bin:/Users/panxin/.rvm/gems/ruby-2.2.2/bin:/Users/panxin/.rvm/gems/ruby-2.2.2@global/bin:/Users/panxin/.rvm/rubies/ruby-2.2.2/bin:/usr/local/bin:/usr/local/sbin:/usr/local/bin:/usr/bin:/bin:/usr/sbin:/sbin:/Users/panxin/.rvm/bin
10 verbose lifecycle ionic-hello-world@~ionic:build: CWD: /Users/panxin/Desktop/ZuTAngular
11 silly lifecycle ionic-hello-world@~ionic:build: Args: [ '-c', 'ionic-app-scripts build' ]
12 info lifecycle ionic-hello-world@~ionic:build: Failed to exec ionic:build script
13 verbose stack Error: ionic-hello-world@ ionic:build: `ionic-app-scripts build`
13 verbose stack spawn ENOENT
13 verbose stack     at ChildProcess.<anonymous> (/usr/local/lib/node_modules/npm/lib/utils/spawn.js:33:16)
13 verbose stack     at emitTwo (events.js:106:13)
13 verbose stack     at ChildProcess.emit (events.js:191:7)
13 verbose stack     at maybeClose (internal/child_process.js:877:16)
13 verbose stack     at Process.ChildProcess._handle.onexit (internal/child_process.js:226:5)
14 verbose pkgid ionic-hello-world@
15 verbose cwd /Users/panxin/Desktop/ZuTAngular
16 error Darwin 16.1.0
17 error argv "/usr/local/bin/node" "/usr/local/bin/npm" "run" "ionic:build" "--"
18 error node v6.9.1
19 error npm  v3.10.8
20 error file sh
21 error code ELIFECYCLE
22 error errno ENOENT
23 error syscall spawn
24 error ionic-hello-world@ ionic:build: `ionic-app-scripts build`
24 error spawn ENOENT
25 error Failed at the ionic-hello-world@ ionic:build script 'ionic-app-scripts build'.
25 error Make sure you have the latest version of node.js and npm installed.
25 error If you do, this is most likely a problem with the ionic-hello-world package,
25 error not with npm itself.
25 error Tell the author that this fails on your system:
25 error     ionic-app-scripts build
25 error You can get information on how to open an issue for this project with:
25 error     npm bugs ionic-hello-world
25 error Or if that isn't available, you can get their info via:
25 error     npm owner ls ionic-hello-world
25 error There is likely additional logging output above.
26 verbose exit [ 1, true ]
